
loadcore_IMPORTS_start
I_RegisterLibraryEntries
loadcore_IMPORTS_end

intrman_IMPORTS_start
I_CpuEnableIntr
I_CpuSuspendIntr
I_CpuResumeIntr
intrman_IMPORTS_end

sysclib_IMPORTS_start
I_memset
sysclib_IMPORTS_end

sifman_IMPORTS_start
I_sceSifInit
I_sceSifSetDma
I_sceSifDmaStat
I_sceSifCheckInit
sifman_IMPORTS_end

sifcmd_IMPORTS_start
I_sceSifInitRpc
I_sceSifRegisterRpc
I_sceSifSetRpcQueue
I_sceSifRpcLoop
I_sceSifGetOtherData
sifcmd_IMPORTS_end

thbase_IMPORTS_start
I_CreateThread
I_StartThread
I_GetThreadId
I_DelayThread
thbase_IMPORTS_end

mcman_IMPORTS_start
I_McDetectCard
I_McOpen
I_McClose
I_McRead
I_McWrite
I_McSeek
I_McFormat
I_McGetDir
I_McDelete
I_McFlush
I_McChDir
I_McSetFileInfo
I_McEraseBlock
I_McReadPage
I_McWritePage
I_McDataChecksum
I_McReadPS1PDACard
I_McWritePS1PDACard
I_McUnformat
I_McRetOnly
I_McGetFreeClusters
I_McGetMcType
I_McSetPS1CardFlag
mcman_IMPORTS_end
