
usbd_IMPORTS_start
I_sceUsbdRegisterLdd
I_sceUsbdUnregisterLdd
I_sceUsbdScanStaticDescriptor
I_sceUsbdSetPrivateData
I_sceUsbdGetPrivateData
I_sceUsbdOpenPipe
I_sceUsbdClosePipe
I_sceUsbdTransferPipe
I_sceUsbdGetDeviceLocation
usbd_IMPORTS_end

sysmem_IMPORTS_start
I_AllocSysMemory
I_FreeSysMemory
sysmem_IMPORTS_end

intrman_IMPORTS_start
I_CpuSuspendIntr
I_CpuResumeIntr
intrman_IMPORTS_end

sifcmd_IMPORTS_start
I_sceSifInitRpc
I_sceSifRegisterRpc
I_sceSifSetRpcQueue
I_sceSifRpcLoop
I_sceSifRemoveRpc
I_sceSifRemoveRpcQueue
sifcmd_IMPORTS_end

stdio_IMPORTS_start
I_printf
stdio_IMPORTS_end

sysclib_IMPORTS_start
I_strcmp
I_strtol
sysclib_IMPORTS_end

thbase_IMPORTS_start
I_CreateThread
I_DeleteThread
I_StartThread
I_TerminateThread
I_GetThreadId
thbase_IMPORTS_end
