
sysmem_IMPORTS_start
I_AllocSysMemory
I_FreeSysMemory
I_Kprintf
sysmem_IMPORTS_end

loadcore_IMPORTS_start
I_FlushDcache
I_QueryBootMode
loadcore_IMPORTS_end

intrman_IMPORTS_start
I_CpuEnableIntr
I_CpuSuspendIntr
I_CpuResumeIntr
intrman_IMPORTS_end

sifman_IMPORTS_start
I_sceSifInit
I_sceSifSetDma
I_sceSifDmaStat
I_sceSifCheckInit
sifman_IMPORTS_end

thbase_IMPORTS_start
I_CreateThread
I_StartThread
I_GetThreadId
thbase_IMPORTS_end

sifcmd_IMPORTS_start
I_sceSifInitRpc
I_sceSifRegisterRpc
I_sceSifSetRpcQueue
I_sceSifRpcLoop
I_sceSifGetOtherData
sifcmd_IMPORTS_end

stdio_IMPORTS_start
I_printf
stdio_IMPORTS_end

ioman_IMPORTS_start
I_open
I_close
I_read
I_write
I_lseek
I_ioctl
I_remove
I_mkdir
I_rmdir
I_dopen
I_dclose
I_dread
I_getstat
I_chstat
I_format
I_AddDrv
I_DelDrv
ioman_IMPORTS_end
