
loadcore_IMPORTS_start
I_RegisterLibraryEntries
loadcore_IMPORTS_end

intrman_IMPORTS_start
I_CpuEnableIntr
intrman_IMPORTS_end

sio2man_IMPORTS_start
I_sio2_mc_transfer_init
I_sio2_transfer
sio2man_IMPORTS_end

sysclib_IMPORTS_start
I_memcpy
I_memset
I_strcat
I_strcmp
I_strcpy
I_strlen
I_strncmp
I_strncpy
sysclib_IMPORTS_end

thbase_IMPORTS_start
I_DelayThread
thbase_IMPORTS_end

thsemap_IMPORTS_start
I_CreateSema
I_DeleteSema
I_SignalSema
I_WaitSema
thsemap_IMPORTS_end

timrman_IMPORTS_start
I_AllocHardTimer
I_ReferHardTimer
I_SetTimerMode
I_GetTimerCounter
timrman_IMPORTS_end

modload_IMPORTS_start
I_SetCheckKelfPathCallback
modload_IMPORTS_end

ioman_IMPORTS_start
I_AddDrv
I_DelDrv
ioman_IMPORTS_end

secrman_IMPORTS_start
I_SecrSetMcCommandHandler
I_SecrSetMcDevIDHandler
I_SecrAuthCard
secrman_IMPORTS_end

cdvdman_IMPORTS_start
I_sceCdRC
cdvdman_IMPORTS_end
