
loadcore_IMPORTS_start
I_RegisterLibraryEntries
I_QueryBootMode
loadcore_IMPORTS_end

intrman_IMPORTS_start
I_RegisterIntrHandler
I_ReleaseIntrHandler
I_EnableIntr
I_DisableIntr
I_CpuSuspendIntr
I_CpuResumeIntr
intrman_IMPORTS_end

stdio_IMPORTS_start
I_printf
stdio_IMPORTS_end

sifman_IMPORTS_start
//2
I_sceSifInit
I_sceSifSetDChain
I_sceSifSetDma
I_sceSifSetMSFlag
I_sceSifSetSMFlag
I_sceSifSetSubAddr
I_sceSifCheckInit
sifman_IMPORTS_end

thbase_IMPORTS_start
I_GetThreadId
I_SleepThread
I_iWakeupThread
I_GetSystemStatusFlag
thbase_IMPORTS_end

thevent_IMPORTS_start
I_iSetEventFlag
I_WaitEventFlag
thevent_IMPORTS_end
